Sept.-29 12:03:54.265 [main] DEBUG nextflow.cli.Launcher - $> nextflow run nf-core/differentialabundance --outdir results -profile test,docker
Sept.-29 12:03:54.519 [main] DEBUG nextflow.cli.CmdRun - N E X T F L O W  ~  version 25.04.7
Sept.-29 12:03:54.599 [main] DEBUG nextflow.plugin.PluginsFacade - Setting up plugin manager > mode=prod; embedded=false; plugins-dir=/home/mitch/.nextflow/plugins; core-plugins: nf-amazon@2.15.0-patch1,nf-azure@1.16.0-patch1,nf-cloudcache@0.4.3,nf-codecommit@0.2.3,nf-console@1.2.1,nf-google@1.21.1,nf-k8s@1.0.0,nf-tower@1.11.4-patch1,nf-wave@1.12.1
Sept.-29 12:03:54.663 [main] INFO  o.pf4j.DefaultPluginStatusProvider - Enabled plugins: []
Sept.-29 12:03:54.665 [main] INFO  o.pf4j.DefaultPluginStatusProvider - Disabled plugins: []
Sept.-29 12:03:54.673 [main] INFO  org.pf4j.DefaultPluginManager - PF4J version 3.12.0 in 'deployment' mode
Sept.-29 12:03:54.707 [main] INFO  org.pf4j.AbstractPluginManager - No plugins
Sept.-29 12:03:54.735 [main] DEBUG nextflow.scm.ProviderConfig - Using SCM config path: /home/mitch/.nextflow/scm
Sept.-29 12:03:57.509 [main] DEBUG nextflow.scm.AssetManager - Git config: /home/mitch/.nextflow/assets/nf-core/differentialabundance/.git/config; branch: null; remote: origin; url: https://github.com/nf-core/differentialabundance.git
Sept.-29 12:03:57.596 [main] DEBUG nextflow.scm.RepositoryFactory - Found Git repository result: [RepositoryFactory]
Sept.-29 12:03:57.622 [main] DEBUG nextflow.scm.AssetManager - Git config: /home/mitch/.nextflow/assets/nf-core/differentialabundance/.git/config; branch: null; remote: origin; url: https://github.com/nf-core/differentialabundance.git
Sept.-29 12:03:59.357 [main] DEBUG nextflow.config.ConfigBuilder - Found config base: /home/mitch/.nextflow/assets/nf-core/differentialabundance/nextflow.config
Sept.-29 12:03:59.364 [main] DEBUG nextflow.config.ConfigBuilder - Parsing config file: /home/mitch/.nextflow/assets/nf-core/differentialabundance/nextflow.config
Sept.-29 12:03:59.390 [main] DEBUG n.secret.LocalSecretsProvider - Secrets store: /home/mitch/.nextflow/secrets/store.json
Sept.-29 12:03:59.398 [main] DEBUG nextflow.secret.SecretsLoader - Discovered secrets providers: [nextflow.secret.LocalSecretsProvider@e91af20] - activable => nextflow.secret.LocalSecretsProvider@e91af20
Sept.-29 12:03:59.432 [main] DEBUG nextflow.config.ConfigBuilder - Applying config profile: `test,docker`
Sept.-29 12:04:03.283 [main] DEBUG nextflow.config.ConfigBuilder - Available config profiles: [bih, cfc_dev, uzl_omics, ifb_core, embl_hd, denbi_qbic, alice, mjolnir_globe, uppmax, giga, maxquant, incliva, ilifu, ki_luria, uge, icr_alma, rosalind_uge, lugh, mccleary, unibe_ibu, vai, soft, test_soft, czbiohub_aws, jax, roslin, tes, scw, unc_longleaf, tigem, tubingen_apg, apollo, ipop_up, vsc_calcua, pdc_kth, ceci_nic5, ccga_cau, humantechnopole, stjude, daisybio, eddie, medair, biowulf, test_maxquant, apptainer, bi, bigpurple, adcra, cedars, pawsey_setonix, vsc_kul_uhasselt, pawsey_nimbus, ucl_myriad, utd_ganymede, charliecloud, fred_hutch, seattlechildrens, icr_davros, ceres, munin, arm, rosalind, rnaseq, hasta, cfc, uzh, shu_bmrc, ebi_codon_slurm, ebc, ccga_dx, crick, ku_sund_danhead, marvin, biohpc_gen, shifter, mana, mamba, york_viking, unc_lccc, wehi, awsbatch, wustl_htcf, arcc, ceci_dragon2, imperial, maestro, software_license, cannon, genotoul, nci_gadi, abims, eva_grace, janelia, nu_genomics, googlebatch, oist, sahmri, kaust, alliance_canada, affy, mpcdf, leicester, vsc_ugent, create, sage, cambridge, jex, podman, ebi_codon, cheaha, xanadu, nyu_hpc, test, marjorie, computerome, ucd_sonic, seg_globe, mssm, sanger, dkfz, bluebear, pasteur, einstein, ethz_euler, m3c, test_full, imb, ucl_cscluster, tuos_stanage, azurebatch, hki, seadragon, crukmi, csiro_petrichor, qmul_apocrita, docker, engaging, gis, hypatia, psmn, eva, unity, cropdiversityhpc, nygc, test_nogtf, fgcz, conda, crg, singularity, mpcdf_viper, pe2, dirac, self_hosted_runner, tufts, uw_hyak_pedslabs, binac2, debug, test_affy, genouest, cbe, unsw_katana, utd_juno, phoenix, gitpod, seawulf, uod_hpc, fub_curta, lovelace, uct_hpc, aws_tower, binac, fsu_draco]
Sept.-29 12:04:03.410 [main] DEBUG nextflow.cli.CmdRun - Applied DSL=2 from script declaration
Sept.-29 12:04:03.413 [main] DEBUG nextflow.cli.CmdRun - Launching `https://github.com/nf-core/differentialabundance` [goofy_goodall] DSL2 - revision: 3dd360fed0 [master]
Sept.-29 12:04:03.417 [main] DEBUG nextflow.plugin.PluginsFacade - Plugins declared=[nf-validation@1.1.3]
Sept.-29 12:04:03.419 [main] DEBUG nextflow.plugin.PluginsFacade - Plugins default=[]
Sept.-29 12:04:03.421 [main] DEBUG nextflow.plugin.PluginsFacade - Plugins resolved requirement=[nf-validation@1.1.3]
Sept.-29 12:04:03.426 [main] DEBUG nextflow.plugin.PluginUpdater - Installing plugin nf-validation version: 1.1.3
Sept.-29 12:04:03.453 [main] INFO  org.pf4j.AbstractPluginManager - Plugin 'nf-validation@1.1.3' resolved
Sept.-29 12:04:03.453 [main] INFO  org.pf4j.AbstractPluginManager - Start plugin 'nf-validation@1.1.3'
Sept.-29 12:04:03.468 [main] DEBUG nextflow.plugin.BasePlugin - Plugin started nf-validation@1.1.3
Sept.-29 12:04:03.580 [main] DEBUG nextflow.Session - Session UUID: 00429d3b-9d65-4eaa-8506-53c9977c2d38
Sept.-29 12:04:03.581 [main] DEBUG nextflow.Session - Run name: goofy_goodall
Sept.-29 12:04:03.582 [main] DEBUG nextflow.Session - Executor pool size: 4
Sept.-29 12:04:03.601 [main] DEBUG nextflow.file.FilePorter - File porter settings maxRetries=3; maxTransfers=50; pollTimeout=null
Sept.-29 12:04:03.612 [main] DEBUG nextflow.util.ThreadPoolBuilder - Creating thread pool 'FileTransfer' minSize=10; maxSize=12; workQueue=LinkedBlockingQueue[-1]; allowCoreThreadTimeout=false
Sept.-29 12:04:03.645 [main] DEBUG nextflow.cli.CmdRun - 
  Version: 25.04.7 build 5955
  Created: 08-09-2025 13:29 UTC (15:29 MESZ)
  System: Linux 6.14.0-29-generic
  Runtime: Groovy 4.0.26 on OpenJDK 64-Bit Server VM 21.0.8+9-Ubuntu-0ubuntu124.04.1
  Encoding: UTF-8 (UTF-8)
  Process: 141782@mitch-X555LAB [127.0.1.1]
  CPUs: 4 - Mem: 11.6 GB (1022.8 MB) - Swap: 4 GB (2.8 GB)
Sept.-29 12:04:03.679 [main] DEBUG nextflow.Session - Work-dir: /home/mitch/Dokumente/Worklflow/computational-workflows-2025/work [ext2/ext3]
Sept.-29 12:04:03.680 [main] DEBUG nextflow.Session - Script base path does not exist or is not a directory: /home/mitch/.nextflow/assets/nf-core/differentialabundance/bin
Sept.-29 12:04:03.706 [main] DEBUG nextflow.executor.ExecutorFactory - Extension executors providers=[]
Sept.-29 12:04:03.727 [main] DEBUG nextflow.Session - Observer factory: DefaultObserverFactory
Sept.-29 12:04:03.789 [main] DEBUG nextflow.Session - Observer factory (v2): LinObserverFactory
Sept.-29 12:04:03.924 [main] DEBUG nextflow.cache.CacheFactory - Using Nextflow cache factory: nextflow.cache.DefaultCacheFactory
Sept.-29 12:04:03.946 [main] DEBUG nextflow.util.CustomThreadPool - Creating default thread pool > poolSize: 5; maxThreads: 1000
Sept.-29 12:04:04.062 [main] DEBUG nextflow.Session - Session start
Sept.-29 12:04:04.069 [main] DEBUG nextflow.trace.TraceFileObserver - Workflow started -- trace file: /home/mitch/Dokumente/Worklflow/computational-workflows-2025/results/pipeline_info/execution_trace_2025-09-29_12-04-02.txt
Sept.-29 12:04:04.413 [main] DEBUG nextflow.script.ScriptRunner - > Launching execution
Sept.-29 12:04:11.803 [main] DEBUG nextflow.script.IncludeDef - Loading included plugin extensions with names: [paramsHelp:paramsHelp]; plugin Id: nf-validation
Sept.-29 12:04:11.835 [main] DEBUG nextflow.script.IncludeDef - Loading included plugin extensions with names: [paramsSummaryLog:paramsSummaryLog]; plugin Id: nf-validation
Sept.-29 12:04:11.838 [main] DEBUG nextflow.script.IncludeDef - Loading included plugin extensions with names: [validateParameters:validateParameters]; plugin Id: nf-validation
Sept.-29 12:04:11.847 [main] DEBUG nextflow.script.IncludeDef - Loading included plugin extensions with names: [paramsSummaryMap:paramsSummaryMap]; plugin Id: nf-validation
Sept.-29 12:04:11.850 [main] DEBUG nextflow.script.IncludeDef - Loading included plugin extensions with names: [fromSamplesheet:fromSamplesheet]; plugin Id: nf-validation
Sept.-29 12:04:12.446 [main] DEBUG nextflow.Nextflow - Using schema file: nextflow_schema.json
Sept.-29 12:04:12.453 [main] WARN  nextflow.script.ScriptBinding - Access to undefined parameter `monochromeLogs` -- Initialise it to a default value eg. `params.monochromeLogs = some_value`
Sept.-29 12:04:12.507 [main] INFO  nextflow.Nextflow - 

-[2m----------------------------------------------------[0m-
                                        [0;32m,--.[0;30m/[0;32m,-.[0m
[0;34m        ___     __   __   __   ___     [0;32m/,-._.--~'[0m
[0;34m  |\ | |__  __ /  ` /  \ |__) |__         [0;33m}  {[0m
[0;34m  | \| |       \__, \__/ |  \ |___     [0;32m\`-._,-`-,[0m
                                        [0;32m`._,._,'[0m
[0;35m  nf-core/differentialabundance v1.5.0-g3dd360f[0m
-[2m----------------------------------------------------[0m-
[1mCore Nextflow options[0m
  [0;34mrevision                    : [0;32mmaster[0m
  [0;34mrunName                     : [0;32mgoofy_goodall[0m
  [0;34mcontainerEngine             : [0;32mdocker[0m
  [0;34mcontainer                   : [0;32m[RMARKDOWNNOTEBOOK:biocontainers/r-shinyngs:1.8.8--r43hdfd78af_0][0m
  [0;34mlaunchDir                   : [0;32m/home/mitch/Dokumente/Worklflow/computational-workflows-2025[0m
  [0;34mworkDir                     : [0;32m/home/mitch/Dokumente/Worklflow/computational-workflows-2025/work[0m
  [0;34mprojectDir                  : [0;32m/home/mitch/.nextflow/assets/nf-core/differentialabundance[0m
  [0;34muserName                    : [0;32mmitch[0m
  [0;34mprofile                     : [0;32mtest,docker[0m
  [0;34mconfigFiles                 : [0;32m[0m

[1mInput/output options[0m
  [0;34mstudy_name                  : [0;32mSRP254919[0m
  [0;34minput                       : [0;32mhttps://raw.githubusercontent.com/nf-core/test-datasets/modules/data/genomics/mus_musculus/rnaseq_expression/SRP254919.samplesheet.csv[0m
  [0;34mcontrasts                   : [0;32mhttps://raw.githubusercontent.com/nf-core/test-datasets/modules/data/genomics/mus_musculus/rnaseq_expression/SRP254919.contrasts.csv[0m
  [0;34moutdir                      : [0;32mresults[0m

[1mAbundance values[0m
  [0;34mmatrix                      : [0;32mhttps://raw.githubusercontent.com/nf-core/test-datasets/modules/data/genomics/mus_musculus/rnaseq_expression/SRP254919.salmon.merged.gene_counts.top1000cov.tsv[0m
  [0;34mtranscript_length_matrix    : [0;32mhttps://raw.githubusercontent.com/nf-core/test-datasets/modules/data/genomics/mus_musculus/rnaseq_expression/SRP254919.spoofed_lengths.tsv[0m
  [0;34maffy_cel_files_archive      : [0;32mnull[0m
  [0;34mquerygse                    : [0;32mnull[0m

[1mObservations (e.g. samples) options[0m
  [0;34mobservations_name_col       : [0;32msample[0m

[1mAffy input options[0m
  [0;34maffy_cdfname                : [0;32mnull[0m

[1mFiltering[0m
  [0;34mfiltering_min_abundance     : [0;32m10[0m

[1mExploratory analysis[0m
  [0;34mexploratory_main_variable   : [0;32mcontrasts[0m
  [0;34mexploratory_log2_assays     : [0;32mraw,normalised[0m

[1mDifferential analysis[0m
  [0;34mdifferential_file_suffix    : [0;32m.deseq2.results.tsv[0m

[1mDESeq2 specific options (RNA-seq only)[0m
  [0;34mdeseq2_vst_nsub             : [0;32m500[0m

[1mLimma specific options (microarray only)[0m
  [0;34mlimma_spacing               : [0;32mnull[0m
  [0;34mlimma_block                 : [0;32mnull[0m
  [0;34mlimma_correlation           : [0;32mnull[0m

[1mGSEA[0m
  [0;34mgsea_run                    : [0;32mtrue[0m

[1mgprofiler2[0m
  [0;34mgprofiler2_correction_method: [0;32mgSCS[0m
  [0;34mgprofiler2_background_file  : [0;32mauto[0m

[1mShiny app settings[0m
  [0;34mshinyngs_shinyapps_account  : [0;32mnull[0m
  [0;34mshinyngs_shinyapps_app_name : [0;32mnull[0m

[1mOptions related to gene set analysis[0m
  [0;34mgene_sets_files             : [0;32mhttps://raw.githubusercontent.com/nf-core/test-datasets/modules/data/genomics/mus_musculus/gene_set_analysis/mh.all.v2022.1.Mm.symbols.gmt[0m

[1mReporting options[0m
  [0;34mreport_title                : [0;32mnull[0m
  [0;34mreport_author               : [0;32mnull[0m
  [0;34mreport_contributors         : [0;32mJane Doe
Director of Institute of Microbiology
University of Smallville;John Smith
PhD student
Institute of Microbiology
University of Smallville[0m
  [0;34mreport_description          : [0;32mnull[0m
  [0;34mreport_round_digits         : [0;32m3[0m

[1mReference genome options[0m
  [0;34mgtf                         : [0;32mhttps://ftp.ensembl.org/pub/release-81/gtf/mus_musculus/Mus_musculus.GRCm38.81.gtf.gz[0m

[1mInstitutional config options[0m
  [0;34mconfig_profile_name         : [0;32mTest profile[0m
  [0;34mconfig_profile_description  : [0;32mMinimal test dataset to check pipeline function[0m

[1mMax job request options[0m
  [0;34mmax_cpus                    : [0;32m2[0m
  [0;34mmax_memory                  : [0;32m6.GB[0m
  [0;34mmax_time                    : [0;32m6.h[0m

!! Only displaying parameters that differ from the pipeline defaults !!
-[2m----------------------------------------------------[0m-
If you use nf-core/differentialabundance for your analysis please cite:

* The pipeline
  https://doi.org/10.5281/zenodo.7568000

* The nf-core framework
  https://doi.org/10.1038/s41587-020-0439-x

* Software dependencies
  https://github.com/nf-core/differentialabundance/blob/master/CITATIONS.md
-[2m----------------------------------------------------[0m-
Sept.-29 12:04:12.516 [main] DEBUG nextflow.validation.SchemaValidator - Starting parameters validation
Sept.-29 12:04:14.097 [main] DEBUG nextflow.validation.SchemaValidator - Starting validation: 'input': '/nf-core/test-datasets/modules/data/genomics/mus_musculus/rnaseq_expression/SRP254919.samplesheet.csv' with '/home/mitch/.nextflow/assets/nf-core/differentialabundance/assets/schema_input.json'
Sept.-29 12:04:14.459 [main] DEBUG nextflow.validation.SchemaValidator - Validation passed: 'input': '/nf-core/test-datasets/modules/data/genomics/mus_musculus/rnaseq_expression/SRP254919.samplesheet.csv' with '/home/mitch/.nextflow/assets/nf-core/differentialabundance/assets/schema_input.json'
Sept.-29 12:04:14.461 [main] DEBUG nextflow.validation.SchemaValidator - Finishing parameters validation
Sept.-29 12:04:14.655 [main] DEBUG nextflow.script.ProcessConfig - Config settings `withLabel:process_single` matches labels `process_single` for process with name NFCORE_DIFFERENTIALABUNDANCE:DIFFERENTIALABUNDANCE:GUNZIP_GTF
Sept.-29 12:04:14.664 [main] DEBUG nextflow.script.ProcessConfig - Config settings `withName:GUNZIP_GTF` matches process NFCORE_DIFFERENTIALABUNDANCE:DIFFERENTIALABUNDANCE:GUNZIP_GTF
Sept.-29 12:04:14.697 [main] DEBUG nextflow.executor.ExecutorFactory - << taskConfig executor: null
Sept.-29 12:04:14.698 [main] DEBUG nextflow.executor.ExecutorFactory - >> processorType: 'local'
Sept.-29 12:04:14.714 [main] DEBUG nextflow.executor.Executor - [warm up] executor > local
Sept.-29 12:04:14.730 [main] DEBUG n.processor.LocalPollingMonitor - Creating local task monitor for executor 'local' > cpus=4; memory=11.6 GB; capacity=4; pollInterval=100ms; dumpInterval=5m
Sept.-29 12:04:14.737 [main] DEBUG n.processor.TaskPollingMonitor - >>> barrier register (monitor: local)
Sept.-29 12:04:14.797 [main] DEBUG nextflow.processor.TaskProcessor - Creating process 'NFCORE_DIFFERENTIALABUNDANCE:DIFFERENTIALABUNDANCE:GUNZIP_GTF': maxForks=0; fair=false; array=0
Sept.-29 12:04:14.923 [main] DEBUG nextflow.script.ProcessConfig - Config settings `withLabel:process_single` matches labels `process_single` for process with name NFCORE_DIFFERENTIALABUNDANCE:DIFFERENTIALABUNDANCE:GTF_TO_TABLE
Sept.-29 12:04:14.928 [main] DEBUG nextflow.script.ProcessConfig - Config settings `withName:GTF_TO_TABLE` matches process NFCORE_DIFFERENTIALABUNDANCE:DIFFERENTIALABUNDANCE:GTF_TO_TABLE
Sept.-29 12:04:14.950 [main] DEBUG nextflow.executor.ExecutorFactory - << taskConfig executor: null
Sept.-29 12:04:14.950 [main] DEBUG nextflow.executor.ExecutorFactory - >> processorType: 'local'
Sept.-29 12:04:14.952 [main] DEBUG nextflow.processor.TaskProcessor - Creating process 'NFCORE_DIFFERENTIALABUNDANCE:DIFFERENTIALABUNDANCE:GTF_TO_TABLE': maxForks=0; fair=false; array=0
Sept.-29 12:04:15.005 [main] DEBUG nextflow.script.ProcessConfig - Config settings `withLabel:process_single` matches labels `process_single` for process with name NFCORE_DIFFERENTIALABUNDANCE:DIFFERENTIALABUNDANCE:VALIDATOR
Sept.-29 12:04:15.008 [main] DEBUG nextflow.script.ProcessConfig - Config settings `withName:VALIDATOR` matches process NFCORE_DIFFERENTIALABUNDANCE:DIFFERENTIALABUNDANCE:VALIDATOR
Sept.-29 12:04:15.016 [main] DEBUG nextflow.executor.ExecutorFactory - << taskConfig executor: null
Sept.-29 12:04:15.017 [main] DEBUG nextflow.executor.ExecutorFactory - >> processorType: 'local'
Sept.-29 12:04:15.019 [main] DEBUG nextflow.processor.TaskProcessor - Creating process 'NFCORE_DIFFERENTIALABUNDANCE:DIFFERENTIALABUNDANCE:VALIDATOR': maxForks=0; fair=false; array=0
Sept.-29 12:04:15.067 [main] DEBUG nextflow.script.ProcessConfig - Config settings `withLabel:process_single` matches labels `process_single` for process with name NFCORE_DIFFERENTIALABUNDANCE:DIFFERENTIALABUNDANCE:CUSTOM_MATRIXFILTER
Sept.-29 12:04:15.072 [main] DEBUG nextflow.script.ProcessConfig - Config settings `withName:CUSTOM_MATRIXFILTER` matches process NFCORE_DIFFERENTIALABUNDANCE:DIFFERENTIALABUNDANCE:CUSTOM_MATRIXFILTER
Sept.-29 12:04:15.085 [main] DEBUG nextflow.executor.ExecutorFactory - << taskConfig executor: null
Sept.-29 12:04:15.086 [main] DEBUG nextflow.executor.ExecutorFactory - >> processorType: 'local'
Sept.-29 12:04:15.088 [main] DEBUG nextflow.processor.TaskProcessor - Creating process 'NFCORE_DIFFERENTIALABUNDANCE:DIFFERENTIALABUNDANCE:CUSTOM_MATRIXFILTER': maxForks=0; fair=false; array=0
Sept.-29 12:04:15.131 [main] DEBUG nextflow.script.ProcessConfig - Config settings `withLabel:process_single` matches labels `process_single` for process with name NFCORE_DIFFERENTIALABUNDANCE:DIFFERENTIALABUNDANCE:DESEQ2_NORM
Sept.-29 12:04:15.133 [main] DEBUG nextflow.script.ProcessConfig - Config settings `withName:DESEQ2_DIFFERENTIAL` matches process NFCORE_DIFFERENTIALABUNDANCE:DIFFERENTIALABUNDANCE:DESEQ2_NORM
Sept.-29 12:04:15.137 [main] DEBUG nextflow.script.ProcessConfig - Config settings `withName:DESEQ2_NORM` matches process NFCORE_DIFFERENTIALABUNDANCE:DIFFERENTIALABUNDANCE:DESEQ2_NORM
Sept.-29 12:04:15.155 [main] DEBUG nextflow.executor.ExecutorFactory - << taskConfig executor: null
Sept.-29 12:04:15.156 [main] DEBUG nextflow.executor.ExecutorFactory - >> processorType: 'local'
Sept.-29 12:04:15.158 [main] DEBUG nextflow.processor.TaskProcessor - Creating process 'NFCORE_DIFFERENTIALABUNDANCE:DIFFERENTIALABUNDANCE:DESEQ2_NORM': maxForks=0; fair=false; array=0
Sept.-29 12:04:15.203 [main] DEBUG nextflow.script.ProcessConfig - Config settings `withLabel:process_single` matches labels `process_single` for process with name NFCORE_DIFFERENTIALABUNDANCE:DIFFERENTIALABUNDANCE:DESEQ2_DIFFERENTIAL
Sept.-29 12:04:15.205 [main] DEBUG nextflow.script.ProcessConfig - Config settings `withName:DESEQ2_DIFFERENTIAL` matches process NFCORE_DIFFERENTIALABUNDANCE:DIFFERENTIALABUNDANCE:DESEQ2_DIFFERENTIAL
Sept.-29 12:04:15.218 [main] DEBUG nextflow.executor.ExecutorFactory - << taskConfig executor: null
Sept.-29 12:04:15.219 [main] DEBUG nextflow.executor.ExecutorFactory - >> processorType: 'local'
Sept.-29 12:04:15.221 [main] DEBUG nextflow.processor.TaskProcessor - Creating process 'NFCORE_DIFFERENTIALABUNDANCE:DIFFERENTIALABUNDANCE:DESEQ2_DIFFERENTIAL': maxForks=0; fair=false; array=0
Sept.-29 12:04:15.264 [main] DEBUG nextflow.script.ProcessConfig - Config settings `withLabel:process_single` matches labels `process_single` for process with name NFCORE_DIFFERENTIALABUNDANCE:DIFFERENTIALABUNDANCE:FILTER_DIFFTABLE
Sept.-29 12:04:15.266 [main] DEBUG nextflow.script.ProcessConfig - Config settings `withName:FILTER_DIFFTABLE` matches process NFCORE_DIFFERENTIALABUNDANCE:DIFFERENTIALABUNDANCE:FILTER_DIFFTABLE
Sept.-29 12:04:15.276 [main] DEBUG nextflow.executor.ExecutorFactory - << taskConfig executor: null
Sept.-29 12:04:15.276 [main] DEBUG nextflow.executor.ExecutorFactory - >> processorType: 'local'
Sept.-29 12:04:15.278 [main] DEBUG nextflow.processor.TaskProcessor - Creating process 'NFCORE_DIFFERENTIALABUNDANCE:DIFFERENTIALABUNDANCE:FILTER_DIFFTABLE': maxForks=0; fair=false; array=0
Sept.-29 12:04:15.297 [main] DEBUG nextflow.script.ProcessConfig - Config settings `withLabel:process_single` matches labels `process_single` for process with name NFCORE_DIFFERENTIALABUNDANCE:DIFFERENTIALABUNDANCE:CUSTOM_TABULARTOGSEAGCT
Sept.-29 12:04:15.300 [main] DEBUG nextflow.script.ProcessConfig - Config settings `withName:CUSTOM_TABULARTOGSEAGCT` matches process NFCORE_DIFFERENTIALABUNDANCE:DIFFERENTIALABUNDANCE:CUSTOM_TABULARTOGSEAGCT
Sept.-29 12:04:15.307 [main] DEBUG nextflow.executor.ExecutorFactory - << taskConfig executor: null
Sept.-29 12:04:15.308 [main] DEBUG nextflow.executor.ExecutorFactory - >> processorType: 'local'
Sept.-29 12:04:15.309 [main] DEBUG nextflow.processor.TaskProcessor - Creating process 'NFCORE_DIFFERENTIALABUNDANCE:DIFFERENTIALABUNDANCE:CUSTOM_TABULARTOGSEAGCT': maxForks=0; fair=false; array=0
Sept.-29 12:04:15.351 [main] DEBUG nextflow.script.ProcessConfig - Config settings `withLabel:process_single` matches labels `process_single` for process with name NFCORE_DIFFERENTIALABUNDANCE:DIFFERENTIALABUNDANCE:CUSTOM_TABULARTOGSEACLS
Sept.-29 12:04:15.355 [main] DEBUG nextflow.script.ProcessConfig - Config settings `withName:CUSTOM_TABULARTOGSEACLS` matches process NFCORE_DIFFERENTIALABUNDANCE:DIFFERENTIALABUNDANCE:CUSTOM_TABULARTOGSEACLS
Sept.-29 12:04:15.361 [main] DEBUG nextflow.executor.ExecutorFactory - << taskConfig executor: null
Sept.-29 12:04:15.362 [main] DEBUG nextflow.executor.ExecutorFactory - >> processorType: 'local'
Sept.-29 12:04:15.363 [main] DEBUG nextflow.processor.TaskProcessor - Creating process 'NFCORE_DIFFERENTIALABUNDANCE:DIFFERENTIALABUNDANCE:CUSTOM_TABULARTOGSEACLS': maxForks=0; fair=false; array=0
Sept.-29 12:04:15.398 [main] DEBUG nextflow.script.ProcessConfig - Config settings `withLabel:process_single` matches labels `process_single` for process with name NFCORE_DIFFERENTIALABUNDANCE:DIFFERENTIALABUNDANCE:TABULAR_TO_GSEA_CHIP
Sept.-29 12:04:15.400 [main] DEBUG nextflow.script.ProcessConfig - Config settings `withName:TABULAR_TO_GSEA_CHIP` matches process NFCORE_DIFFERENTIALABUNDANCE:DIFFERENTIALABUNDANCE:TABULAR_TO_GSEA_CHIP
Sept.-29 12:04:15.408 [main] DEBUG nextflow.executor.ExecutorFactory - << taskConfig executor: null
Sept.-29 12:04:15.408 [main] DEBUG nextflow.executor.ExecutorFactory - >> processorType: 'local'
Sept.-29 12:04:15.410 [main] DEBUG nextflow.processor.TaskProcessor - Creating process 'NFCORE_DIFFERENTIALABUNDANCE:DIFFERENTIALABUNDANCE:TABULAR_TO_GSEA_CHIP': maxForks=0; fair=false; array=0
Sept.-29 12:04:15.531 [main] DEBUG nextflow.script.ProcessConfig - Config settings `withLabel:process_single` matches labels `process_single` for process with name NFCORE_DIFFERENTIALABUNDANCE:DIFFERENTIALABUNDANCE:GSEA_GSEA
Sept.-29 12:04:15.534 [main] DEBUG nextflow.script.ProcessConfig - Config settings `withName:GSEA_GSEA` matches process NFCORE_DIFFERENTIALABUNDANCE:DIFFERENTIALABUNDANCE:GSEA_GSEA
Sept.-29 12:04:15.558 [main] DEBUG nextflow.executor.ExecutorFactory - << taskConfig executor: null
Sept.-29 12:04:15.558 [main] DEBUG nextflow.executor.ExecutorFactory - >> processorType: 'local'
Sept.-29 12:04:15.561 [main] DEBUG nextflow.processor.TaskProcessor - Creating process 'NFCORE_DIFFERENTIALABUNDANCE:DIFFERENTIALABUNDANCE:GSEA_GSEA': maxForks=0; fair=false; array=0
Sept.-29 12:04:15.723 [main] DEBUG nextflow.script.ProcessConfig - Config settings `withLabel:process_single` matches labels `process_single` for process with name NFCORE_DIFFERENTIALABUNDANCE:DIFFERENTIALABUNDANCE:PLOT_EXPLORATORY
Sept.-29 12:04:15.727 [main] DEBUG nextflow.script.ProcessConfig - Config settings `withName:PLOT_EXPLORATORY` matches process NFCORE_DIFFERENTIALABUNDANCE:DIFFERENTIALABUNDANCE:PLOT_EXPLORATORY
Sept.-29 12:04:15.740 [main] DEBUG nextflow.executor.ExecutorFactory - << taskConfig executor: null
Sept.-29 12:04:15.740 [main] DEBUG nextflow.executor.ExecutorFactory - >> processorType: 'local'
Sept.-29 12:04:15.742 [main] DEBUG nextflow.processor.TaskProcessor - Creating process 'NFCORE_DIFFERENTIALABUNDANCE:DIFFERENTIALABUNDANCE:PLOT_EXPLORATORY': maxForks=0; fair=false; array=0
Sept.-29 12:04:15.786 [main] DEBUG nextflow.script.ProcessConfig - Config settings `withLabel:process_single` matches labels `process_single` for process with name NFCORE_DIFFERENTIALABUNDANCE:DIFFERENTIALABUNDANCE:PLOT_DIFFERENTIAL
Sept.-29 12:04:15.790 [main] DEBUG nextflow.script.ProcessConfig - Config settings `withName:PLOT_DIFFERENTIAL` matches process NFCORE_DIFFERENTIALABUNDANCE:DIFFERENTIALABUNDANCE:PLOT_DIFFERENTIAL
Sept.-29 12:04:15.805 [main] DEBUG nextflow.executor.ExecutorFactory - << taskConfig executor: null
Sept.-29 12:04:15.805 [main] DEBUG nextflow.executor.ExecutorFactory - >> processorType: 'local'
Sept.-29 12:04:15.806 [main] DEBUG nextflow.processor.TaskProcessor - Creating process 'NFCORE_DIFFERENTIALABUNDANCE:DIFFERENTIALABUNDANCE:PLOT_DIFFERENTIAL': maxForks=0; fair=false; array=0
Sept.-29 12:04:16.140 [main] DEBUG nextflow.script.ProcessConfig - Config settings `withLabel:process_single` matches labels `process_single` for process with name NFCORE_DIFFERENTIALABUNDANCE:DIFFERENTIALABUNDANCE:SHINYNGS_APP
Sept.-29 12:04:16.143 [main] DEBUG nextflow.script.ProcessConfig - Config settings `withName:SHINYNGS_APP` matches process NFCORE_DIFFERENTIALABUNDANCE:DIFFERENTIALABUNDANCE:SHINYNGS_APP
Sept.-29 12:04:16.151 [main] DEBUG nextflow.executor.ExecutorFactory - << taskConfig executor: null
Sept.-29 12:04:16.151 [main] DEBUG nextflow.executor.ExecutorFactory - >> processorType: 'local'
Sept.-29 12:04:16.153 [main] DEBUG nextflow.processor.TaskProcessor - Creating process 'NFCORE_DIFFERENTIALABUNDANCE:DIFFERENTIALABUNDANCE:SHINYNGS_APP': maxForks=0; fair=false; array=0
Sept.-29 12:04:16.208 [main] DEBUG nextflow.script.ProcessConfig - Config settings `withLabel:process_low` matches labels `process_low` for process with name NFCORE_DIFFERENTIALABUNDANCE:DIFFERENTIALABUNDANCE:RMARKDOWNNOTEBOOK
Sept.-29 12:04:16.212 [main] DEBUG nextflow.script.ProcessConfig - Config settings `withName:RMARKDOWNNOTEBOOK` matches process NFCORE_DIFFERENTIALABUNDANCE:DIFFERENTIALABUNDANCE:RMARKDOWNNOTEBOOK
Sept.-29 12:04:16.225 [main] DEBUG nextflow.executor.ExecutorFactory - << taskConfig executor: null
Sept.-29 12:04:16.226 [main] DEBUG nextflow.executor.ExecutorFactory - >> processorType: 'local'
Sept.-29 12:04:16.227 [main] DEBUG nextflow.processor.TaskProcessor - Creating process 'NFCORE_DIFFERENTIALABUNDANCE:DIFFERENTIALABUNDANCE:RMARKDOWNNOTEBOOK': maxForks=0; fair=false; array=0
Sept.-29 12:04:16.262 [main] DEBUG nextflow.script.ProcessConfig - Config settings `withLabel:process_single` matches labels `process_single` for process with name NFCORE_DIFFERENTIALABUNDANCE:DIFFERENTIALABUNDANCE:MAKE_REPORT_BUNDLE
Sept.-29 12:04:16.271 [main] DEBUG nextflow.script.ProcessConfig - Config settings `withName:MAKE_REPORT_BUNDLE` matches process NFCORE_DIFFERENTIALABUNDANCE:DIFFERENTIALABUNDANCE:MAKE_REPORT_BUNDLE
Sept.-29 12:04:16.280 [main] DEBUG nextflow.executor.ExecutorFactory - << taskConfig executor: null
Sept.-29 12:04:16.281 [main] DEBUG nextflow.executor.ExecutorFactory - >> processorType: 'local'
Sept.-29 12:04:16.284 [main] DEBUG nextflow.processor.TaskProcessor - Creating process 'NFCORE_DIFFERENTIALABUNDANCE:DIFFERENTIALABUNDANCE:MAKE_REPORT_BUNDLE': maxForks=0; fair=false; array=0
Sept.-29 12:04:16.291 [main] DEBUG nextflow.Session - Config process names validation disabled as requested
Sept.-29 12:04:16.298 [main] DEBUG nextflow.Session - Igniting dataflow network (30)
Sept.-29 12:04:16.302 [main] DEBUG nextflow.processor.TaskProcessor - Starting process > NFCORE_DIFFERENTIALABUNDANCE:DIFFERENTIALABUNDANCE:GUNZIP_GTF
Sept.-29 12:04:16.305 [main] DEBUG nextflow.processor.TaskProcessor - Starting process > NFCORE_DIFFERENTIALABUNDANCE:DIFFERENTIALABUNDANCE:GTF_TO_TABLE
Sept.-29 12:04:16.307 [main] DEBUG nextflow.processor.TaskProcessor - Starting process > NFCORE_DIFFERENTIALABUNDANCE:DIFFERENTIALABUNDANCE:VALIDATOR
Sept.-29 12:04:16.308 [main] DEBUG nextflow.processor.TaskProcessor - Starting process > NFCORE_DIFFERENTIALABUNDANCE:DIFFERENTIALABUNDANCE:CUSTOM_MATRIXFILTER
Sept.-29 12:04:16.313 [main] DEBUG nextflow.processor.TaskProcessor - Starting process > NFCORE_DIFFERENTIALABUNDANCE:DIFFERENTIALABUNDANCE:DESEQ2_NORM
Sept.-29 12:04:16.314 [main] DEBUG nextflow.processor.TaskProcessor - Starting process > NFCORE_DIFFERENTIALABUNDANCE:DIFFERENTIALABUNDANCE:DESEQ2_DIFFERENTIAL
Sept.-29 12:04:16.315 [main] DEBUG nextflow.processor.TaskProcessor - Starting process > NFCORE_DIFFERENTIALABUNDANCE:DIFFERENTIALABUNDANCE:FILTER_DIFFTABLE
Sept.-29 12:04:16.315 [main] DEBUG nextflow.processor.TaskProcessor - Starting process > NFCORE_DIFFERENTIALABUNDANCE:DIFFERENTIALABUNDANCE:CUSTOM_TABULARTOGSEAGCT
Sept.-29 12:04:16.315 [main] DEBUG nextflow.processor.TaskProcessor - Starting process > NFCORE_DIFFERENTIALABUNDANCE:DIFFERENTIALABUNDANCE:CUSTOM_TABULARTOGSEACLS
Sept.-29 12:04:16.317 [main] DEBUG nextflow.processor.TaskProcessor - Starting process > NFCORE_DIFFERENTIALABUNDANCE:DIFFERENTIALABUNDANCE:TABULAR_TO_GSEA_CHIP
Sept.-29 12:04:16.318 [main] DEBUG nextflow.processor.TaskProcessor - Starting process > NFCORE_DIFFERENTIALABUNDANCE:DIFFERENTIALABUNDANCE:GSEA_GSEA
Sept.-29 12:04:16.318 [main] DEBUG nextflow.processor.TaskProcessor - Starting process > NFCORE_DIFFERENTIALABUNDANCE:DIFFERENTIALABUNDANCE:PLOT_EXPLORATORY
Sept.-29 12:04:16.319 [main] DEBUG nextflow.processor.TaskProcessor - Starting process > NFCORE_DIFFERENTIALABUNDANCE:DIFFERENTIALABUNDANCE:PLOT_DIFFERENTIAL
Sept.-29 12:04:16.322 [main] DEBUG nextflow.processor.TaskProcessor - Starting process > NFCORE_DIFFERENTIALABUNDANCE:DIFFERENTIALABUNDANCE:SHINYNGS_APP
Sept.-29 12:04:16.327 [main] DEBUG nextflow.processor.TaskProcessor - Starting process > NFCORE_DIFFERENTIALABUNDANCE:DIFFERENTIALABUNDANCE:RMARKDOWNNOTEBOOK
Sept.-29 12:04:16.328 [main] DEBUG nextflow.processor.TaskProcessor - Starting process > NFCORE_DIFFERENTIALABUNDANCE:DIFFERENTIALABUNDANCE:MAKE_REPORT_BUNDLE
Sept.-29 12:04:16.333 [main] DEBUG nextflow.script.ScriptRunner - Parsed script files:
  Script_8258fa18ec202f1e: /home/mitch/.nextflow/assets/nf-core/differentialabundance/modules/nf-core/geoquery/getgeo/main.nf
  Script_39477ad83fb0b64c: /home/mitch/.nextflow/assets/nf-core/differentialabundance/modules/nf-core/shinyngs/validatefomcomponents/main.nf
  Script_36fafb73beaa89a0: /home/mitch/.nextflow/assets/nf-core/differentialabundance/modules/nf-core/rmarkdownnotebook/main.nf
  Script_a9670c657bdfaa03: /home/mitch/.nextflow/assets/nf-core/differentialabundance/modules/local/tabular_to_gsea_chip.nf
  Script_8ee0fd101dbd833b: /home/mitch/.nextflow/assets/nf-core/differentialabundance/modules/nf-core/affy/justrma/main.nf
  Script_1a6661f1fced92e0: /home/mitch/.nextflow/assets/nf-core/differentialabundance/modules/nf-core/rmarkdownnotebook/parametrize.nf
  Script_bafd4f6133491d0f: /home/mitch/.nextflow/assets/nf-core/differentialabundance/modules/nf-core/shinyngs/staticdifferential/main.nf
  Script_34a6e65ee7dbdbe0: /home/mitch/.nextflow/assets/nf-core/differentialabundance/subworkflows/nf-core/utils_nextflow_pipeline/main.nf
  Script_a7d371fe23db7aab: /home/mitch/.nextflow/assets/nf-core/differentialabundance/subworkflows/nf-core/utils_nfvalidation_plugin/main.nf
  Script_c63935800235d9c0: /home/mitch/.nextflow/assets/nf-core/differentialabundance/subworkflows/local/utils_nfcore_differentialabundance_pipeline/main.nf
  Script_a5126eab0613c381: /home/mitch/.nextflow/assets/nf-core/differentialabundance/modules/nf-core/deseq2/differential/main.nf
  Script_079385570c0cda9d: /home/mitch/.nextflow/assets/nf-core/differentialabundance/modules/nf-core/untar/main.nf
  Script_63f6ac99b9c9bbc2: /home/mitch/.nextflow/assets/nf-core/differentialabundance/modules/local/filter_difftable.nf
  Script_d37e479fa813e5e8: /home/mitch/.nextflow/assets/nf-core/differentialabundance/modules/nf-core/limma/differential/main.nf
  Script_093abf1f9a9fe1dc: /home/mitch/.nextflow/assets/nf-core/differentialabundance/modules/nf-core/gsea/gsea/main.nf
  Script_1de0686350b034d1: /home/mitch/.nextflow/assets/nf-core/differentialabundance/modules/nf-core/shinyngs/app/main.nf
  Script_9a9735536805ee91: /home/mitch/.nextflow/assets/nf-core/differentialabundance/subworkflows/nf-core/utils_nfcore_pipeline/main.nf
  Script_f291caf4f7573aca: /home/mitch/.nextflow/assets/nf-core/differentialabundance/modules/nf-core/custom/tabulartogseagct/main.nf
  Script_d0d1844e89e24699: /home/mitch/.nextflow/assets/nf-core/differentialabundance/modules/nf-core/custom/matrixfilter/main.nf
  Script_7b0c4e6dccde5100: /home/mitch/.nextflow/assets/nf-core/differentialabundance/modules/nf-core/gprofiler2/gost/main.nf
  Script_f0eb18bd7a6960bd: /home/mitch/.nextflow/assets/nf-core/differentialabundance/modules/nf-core/atlasgeneannotationmanipulation/gtf2featureannotation/main.nf
  Script_66c2d317d61bb7e6: /home/mitch/.nextflow/assets/nf-core/differentialabundance/workflows/differentialabundance.nf
  Script_7250e6dbcf65d3e7: /home/mitch/.nextflow/assets/nf-core/differentialabundance/modules/nf-core/shinyngs/staticexploratory/main.nf
  Script_3dd879ac70e9c231: /home/mitch/.nextflow/assets/nf-core/differentialabundance/modules/nf-core/proteus/readproteingroups/main.nf
  Script_b4abc93ac1f4bba3: /home/mitch/.nextflow/assets/nf-core/differentialabundance/modules/nf-core/zip/main.nf
  Script_a71c717f63173976: /home/mitch/.nextflow/assets/nf-core/differentialabundance/modules/nf-core/gunzip/main.nf
  Script_516a401f649aa0e6: /home/mitch/.nextflow/assets/nf-core/differentialabundance/modules/nf-core/custom/tabulartogseacls/main.nf
  Script_2e031fa02c9ff5d2: /home/mitch/.nextflow/assets/nf-core/differentialabundance/main.nf
Sept.-29 12:04:16.333 [main] DEBUG nextflow.script.ScriptRunner - > Awaiting termination 
Sept.-29 12:04:16.334 [main] DEBUG nextflow.Session - Session await
Sept.-29 12:04:16.684 [FileTransfer-1] DEBUG nextflow.file.FilePorter - Copying foreign file https://ftp.ensembl.org/pub/release-81/gtf/mus_musculus/Mus_musculus.GRCm38.81.gtf.gz to work dir: /home/mitch/Dokumente/Worklflow/computational-workflows-2025/work/stage-00429d3b-9d65-4eaa-8506-53c9977c2d38/55/c118710a9046c931a0f0863ec8a7b1/Mus_musculus.GRCm38.81.gtf.gz
Sept.-29 12:04:18.682 [Actor Thread 8] INFO  nextflow.file.FilePorter - Staging foreign file: https://ftp.ensembl.org/pub/release-81/gtf/mus_musculus/Mus_musculus.GRCm38.81.gtf.gz
Sept.-29 12:04:26.280 [Task submitter] DEBUG n.executor.local.LocalTaskHandler - Launch cmd line: /bin/bash -ue .command.run
Sept.-29 12:04:26.285 [Task submitter] INFO  nextflow.Session - [4b/e8b385] Submitted process > NFCORE_DIFFERENTIALABUNDANCE:DIFFERENTIALABUNDANCE:GUNZIP_GTF (Mus_musculus.GRCm38.81.gtf.gz)
Sept.-29 12:04:26.779 [Task monitor] DEBUG n.processor.TaskPollingMonitor - Task completed > TaskHandler[id: 1; name: NFCORE_DIFFERENTIALABUNDANCE:DIFFERENTIALABUNDANCE:GUNZIP_GTF (Mus_musculus.GRCm38.81.gtf.gz); status: COMPLETED; exit: 126; error: -; workDir: /home/mitch/Dokumente/Worklflow/computational-workflows-2025/work/4b/e8b385eacab800c4850c9398cd2c62]
Sept.-29 12:04:26.781 [Task monitor] DEBUG nextflow.util.ThreadPoolBuilder - Creating thread pool 'TaskFinalizer' minSize=10; maxSize=12; workQueue=LinkedBlockingQueue[-1]; allowCoreThreadTimeout=false
Sept.-29 12:04:26.802 [TaskFinalizer-1] DEBUG nextflow.processor.TaskProcessor - Handling unexpected condition for
  task: name=NFCORE_DIFFERENTIALABUNDANCE:DIFFERENTIALABUNDANCE:GUNZIP_GTF (Mus_musculus.GRCm38.81.gtf.gz); work-dir=/home/mitch/Dokumente/Worklflow/computational-workflows-2025/work/4b/e8b385eacab800c4850c9398cd2c62
  error [nextflow.exception.ProcessFailedException]: Process `NFCORE_DIFFERENTIALABUNDANCE:DIFFERENTIALABUNDANCE:GUNZIP_GTF (Mus_musculus.GRCm38.81.gtf.gz)` terminated with an error exit status (126)
Sept.-29 12:04:26.845 [TaskFinalizer-1] ERROR nextflow.processor.TaskProcessor - Error executing process > 'NFCORE_DIFFERENTIALABUNDANCE:DIFFERENTIALABUNDANCE:GUNZIP_GTF (Mus_musculus.GRCm38.81.gtf.gz)'

Caused by:
  Process `NFCORE_DIFFERENTIALABUNDANCE:DIFFERENTIALABUNDANCE:GUNZIP_GTF (Mus_musculus.GRCm38.81.gtf.gz)` terminated with an error exit status (126)


Command executed:

  # Not calling gunzip itself because it creates files
  # with the original group ownership rather than the
  # default one for that user / the work directory
  gzip \
      -cd \
       \
      Mus_musculus.GRCm38.81.gtf.gz \
      > Mus_musculus.GRCm38.81.gtf
  
  cat <<-END_VERSIONS > versions.yml
  "NFCORE_DIFFERENTIALABUNDANCE:DIFFERENTIALABUNDANCE:GUNZIP_GTF":
      gunzip: $(echo $(gunzip --version 2>&1) | sed 's/^.*(gzip) //; s/ Copyright.*$//')
  END_VERSIONS

Command exit status:
  126

Command output:
  (empty)

Command error:
  docker: permission denied while trying to connect to the Docker daemon socket at unix:///var/run/docker.sock: Head "http://%2Fvar%2Frun%2Fdocker.sock/_ping": dial unix /var/run/docker.sock: connect: permission denied
  
  Run 'docker run --help' for more information

Work dir:
  /home/mitch/Dokumente/Worklflow/computational-workflows-2025/work/4b/e8b385eacab800c4850c9398cd2c62

Container:
  quay.io/nf-core/ubuntu:20.04

Tip: view the complete command output by changing to the process work dir and entering the command `cat .command.out`
Sept.-29 12:04:26.922 [TaskFinalizer-1] INFO  nextflow.Session - Execution cancelled -- Finishing pending tasks before exit
Sept.-29 12:04:26.935 [Task monitor] DEBUG n.processor.TaskPollingMonitor - <<< barrier arrives (monitor: local) - terminating tasks monitor poll loop
Sept.-29 12:04:26.948 [main] DEBUG nextflow.Session - Session await > all processes finished
Sept.-29 12:04:26.948 [main] DEBUG nextflow.Session - Session await > all barriers passed
Sept.-29 12:04:26.960 [Actor Thread 22] DEBUG nextflow.processor.TaskProcessor - Handling unexpected condition for
  task: name=NFCORE_DIFFERENTIALABUNDANCE:DIFFERENTIALABUNDANCE:MAKE_REPORT_BUNDLE; work-dir=null
  error [java.lang.InterruptedException]: java.lang.InterruptedException
Sept.-29 12:04:26.981 [Actor Thread 1] DEBUG nextflow.sort.BigSort - Sort completed -- entries: 1; slices: 1; internal sort time: 0.004 s; external sort time: 0.04 s; total time: 0.044 s
Sept.-29 12:04:26.994 [Actor Thread 1] DEBUG nextflow.file.FileCollector - Saved collect-files list to: /home/mitch/Dokumente/Worklflow/computational-workflows-2025/work/collect-file/b559e6e63e7dd6ac26d813b3afa38fc9
Sept.-29 12:04:27.012 [Actor Thread 1] DEBUG nextflow.file.FileCollector - Deleting file collector temp dir: /tmp/nxf-11492083424371369709
Sept.-29 12:04:27.020 [main] DEBUG nextflow.util.ThreadPoolManager - Thread pool 'TaskFinalizer' shutdown completed (hard=false)
Sept.-29 12:04:27.033 [main] DEBUG n.trace.WorkflowStatsObserver - Workflow completed > WorkflowStats[succeededCount=0; failedCount=1; ignoredCount=0; cachedCount=0; pendingCount=0; submittedCount=0; runningCount=0; retriesCount=0; abortedCount=0; succeedDuration=0ms; failedDuration=467ms; cachedDuration=0ms;loadCpus=0; loadMemory=0; peakRunning=1; peakCpus=1; peakMemory=6 GB; ]
Sept.-29 12:04:27.034 [main] DEBUG nextflow.trace.TraceFileObserver - Workflow completed -- saving trace file
Sept.-29 12:04:27.037 [main] DEBUG nextflow.trace.ReportObserver - Workflow completed -- rendering execution report
Sept.-29 12:04:28.417 [main] DEBUG nextflow.trace.TimelineObserver - Workflow completed -- rendering execution timeline
Sept.-29 12:04:28.916 [main] DEBUG nextflow.cache.CacheDB - Closing CacheDB done
Sept.-29 12:04:28.942 [main] INFO  org.pf4j.AbstractPluginManager - Stop plugin 'nf-validation@1.1.3'
Sept.-29 12:04:28.943 [main] DEBUG nextflow.plugin.BasePlugin - Plugin stopped nf-validation
Sept.-29 12:04:28.945 [main] DEBUG nextflow.util.ThreadPoolManager - Thread pool 'FileTransfer' shutdown completed (hard=false)
Sept.-29 12:04:28.948 [main] DEBUG nextflow.script.ScriptRunner - > Execution complete -- Goodbye
